<?xml version="1.0" encoding="UTF-8"?>
<!-- Generated by org.testng.reporters.JUnitReportReporter -->
<testsuite hostname="DESKTOP-21PKQEC" failures="0" tests="2" name="testNg.pac.Sample" time="0.019" errors="0" timestamp="11 Oct 2022 08:01:25 GMT" skipped="0">
  <testcase classname="testNg.pac.Sample" name="A65" time="0.009"/>
  <testcase classname="testNg.pac.Sample" name="a97" time="0.010"/>
</testsuite> <!-- testNg.pac.Sample -->
