<?xml version="1.0" encoding="UTF-8"?>
<!-- Generated by org.testng.reporters.JUnitReportReporter -->
<testsuite hostname="DESKTOP-21PKQEC" failures="0" tests="1" name="com.crm.vtiger3.testcases.copy.copy.CreatingOrgNameWDTest" time="16.103" errors="0" timestamp="18 Oct 2022 10:57:51 GMT" skipped="0">
  <testcase classname="com.crm.vtiger3.testcases.copy.copy.CreatingOrgNameWDTest" name="classcreatingorgnameTestNG" time="16.103"/>
</testsuite> <!-- com.crm.vtiger3.testcases.copy.copy.CreatingOrgNameWDTest -->
