<?xml version="1.0" encoding="UTF-8"?>
<!-- Generated by org.testng.reporters.JUnitReportReporter -->
<testsuite hostname="DESKTOP-21PKQEC" failures="0" tests="1" name="com.crm.vtiger3.testcases.copy.copy.OrgNameValidationWDTest" time="20.896" errors="0" timestamp="20 Oct 2022 12:57:25 GMT" skipped="0">
  <testcase classname="com.crm.vtiger3.testcases.copy.copy.OrgNameValidationWDTest" name="orgvalidation" time="20.896"/>
</testsuite> <!-- com.crm.vtiger3.testcases.copy.copy.OrgNameValidationWDTest -->
