<?xml version="1.0" encoding="UTF-8"?>
<!-- Generated by org.testng.reporters.JUnitReportReporter -->
<testsuite hostname="DESKTOP-21PKQEC" failures="0" tests="3" name="testNg.pac.DataProviderTest" time="0.028" errors="0" timestamp="14 Oct 2022 06:33:24 GMT" skipped="0">
  <testcase classname="testNg.pac.DataProviderTest" name="bookTicket" time="0.003"/>
  <testcase classname="testNg.pac.DataProviderTest" name="bookTicket" time="0.023"/>
  <testcase classname="testNg.pac.DataProviderTest" name="bookTicket" time="0.002"/>
</testsuite> <!-- testNg.pac.DataProviderTest -->
