<?xml version="1.0" encoding="UTF-8"?>
<!-- Generated by org.testng.reporters.JUnitReportReporter -->
<testsuite hostname="DESKTOP-21PKQEC" failures="0" tests="1" name="testNg.pac.Demo" time="0.011" errors="0" timestamp="11 Oct 2022 08:01:25 GMT" skipped="0">
  <testcase classname="testNg.pac.Demo" name="demo" time="0.011"/>
</testsuite> <!-- testNg.pac.Demo -->
