<?xml version="1.0" encoding="UTF-8"?>
<!-- Generated by org.testng.reporters.JUnitReportReporter -->
<testsuite hostname="DESKTOP-21PKQEC" failures="0" tests="4" name="testNg.pac.DataProviderUsingExcelFile" time="0.047" errors="0" timestamp="17 Oct 2022 04:59:27 GMT" skipped="0">
  <testcase classname="testNg.pac.DataProviderUsingExcelFile" name="getCred" time="0.025"/>
  <testcase classname="testNg.pac.DataProviderUsingExcelFile" name="getCred" time="0.011"/>
  <testcase classname="testNg.pac.DataProviderUsingExcelFile" name="getCred" time="0.005"/>
  <testcase classname="testNg.pac.DataProviderUsingExcelFile" name="getCred" time="0.006"/>
</testsuite> <!-- testNg.pac.DataProviderUsingExcelFile -->
